2025-12-23T07:33:15.941Z - --- API Call Started ---
2025-12-23T07:33:16.654Z - DB Connected
2025-12-23T07:33:16.654Z - Raw Param ID: 694a3fa3c379bb506d8d9d57
2025-12-23T07:33:16.654Z - Cleaned ID: 694a3fa3c379bb506d8d9d57
2025-12-23T07:33:16.999Z - Order Found: YES
2025-12-23T07:33:46.715Z - --- API Call Started ---
2025-12-23T07:33:46.717Z - DB Connected
2025-12-23T07:33:46.717Z - Raw Param ID: 694a3fa3c379bb506d8d9d57
2025-12-23T07:33:46.718Z - Cleaned ID: 694a3fa3c379bb506d8d9d57
2025-12-23T07:33:46.770Z - Order Found: YES
2025-12-23T07:35:53.763Z - --- API Call Started ---
2025-12-23T07:35:54.508Z - DB Connected
2025-12-23T07:35:54.509Z - Raw Param ID: 694a3fa3c379bb506d8d9d57
2025-12-23T07:35:54.509Z - Cleaned ID: 694a3fa3c379bb506d8d9d57
2025-12-23T07:35:54.845Z - Order Found: YES
2025-12-23T07:35:54.845Z - Starting Product Lookup...
2025-12-23T07:35:54.845Z - Looking up Product ID: 6946f414dad0e43597df1f1a-sub
2025-12-23T07:35:54.846Z - Looking up Product ID: 6946eda8b434f939072c96b7
2025-12-23T07:35:54.849Z - Error looking up product 6946f414dad0e43597df1f1a-sub: CastError: Cast to ObjectId failed for value "6946f414dad0e43597df1f1a-sub" (type string) at path "_id" for model "Product"
2025-12-23T07:35:54.906Z - Product Found: YES
2025-12-23T07:35:54.907Z - Product Lookup Complete
2025-12-23T07:35:54.908Z - Sending Response
2025-12-23T07:36:00.646Z - --- API Call Started ---
2025-12-23T07:36:00.649Z - DB Connected
2025-12-23T07:36:00.649Z - Raw Param ID: 694a3fa3c379bb506d8d9d57
2025-12-23T07:36:00.650Z - Cleaned ID: 694a3fa3c379bb506d8d9d57
2025-12-23T07:36:00.700Z - Order Found: YES
2025-12-23T07:36:00.700Z - Starting Product Lookup...
2025-12-23T07:36:00.701Z - Looking up Product ID: 6946f414dad0e43597df1f1a-sub
2025-12-23T07:36:00.701Z - Looking up Product ID: 6946eda8b434f939072c96b7
2025-12-23T07:36:00.703Z - Error looking up product 6946f414dad0e43597df1f1a-sub: CastError: Cast to ObjectId failed for value "6946f414dad0e43597df1f1a-sub" (type string) at path "_id" for model "Product"
2025-12-23T07:36:00.754Z - Product Found: YES
2025-12-23T07:36:00.755Z - Product Lookup Complete
2025-12-23T07:36:00.755Z - Sending Response
2025-12-23T07:40:13.234Z - --- API Call Started ---
2025-12-23T07:40:14.483Z - DB Connected
2025-12-23T07:40:14.483Z - Raw Param ID: 694a3fa3c379bb506d8d9d57
2025-12-23T07:40:14.484Z - Cleaned ID: 694a3fa3c379bb506d8d9d57
2025-12-23T07:40:14.860Z - Order Found: YES
2025-12-23T07:40:14.861Z - Starting Product Lookup...
2025-12-23T07:40:14.862Z - Stripped identifier suffix: 6946f414dad0e43597df1f1a
2025-12-23T07:40:14.863Z - Looking up Product ID: 6946f414dad0e43597df1f1a
2025-12-23T07:40:14.864Z - Looking up Product ID: 6946eda8b434f939072c96b7
2025-12-23T07:40:14.951Z - Product Found: YES
2025-12-23T07:40:14.958Z - Product Found: YES
2025-12-23T07:40:14.959Z - Product Lookup Complete
2025-12-23T07:40:14.960Z - Sending Response
2025-12-23T07:49:17.980Z - --- API Call Started ---
2025-12-23T07:49:17.982Z - DB Connected
2025-12-23T07:49:17.983Z - Raw Param ID: 694a48885bd90e9ea4013939
2025-12-23T07:49:17.983Z - Cleaned ID: 694a48885bd90e9ea4013939
2025-12-23T07:49:18.034Z - Order Found: YES
2025-12-23T07:49:18.034Z - Starting Product Lookup...
2025-12-23T07:49:18.034Z - Looking up Product ID: 6946ff79dad0e43597df1fc0
2025-12-23T07:49:18.098Z - Product Found: YES
2025-12-23T07:49:18.098Z - Product Lookup Complete
2025-12-23T07:49:18.098Z - Sending Response
2025-12-23T07:49:53.763Z - --- API Call Started ---
2025-12-23T07:49:53.765Z - DB Connected
2025-12-23T07:49:53.766Z - Raw Param ID: 694a48885bd90e9ea4013939
2025-12-23T07:49:53.767Z - Cleaned ID: 694a48885bd90e9ea4013939
2025-12-23T07:49:53.817Z - Order Found: YES
2025-12-23T07:49:53.817Z - Starting Product Lookup...
2025-12-23T07:49:53.818Z - Looking up Product ID: 6946ff79dad0e43597df1fc0
2025-12-23T07:49:53.869Z - Product Found: YES
2025-12-23T07:49:53.869Z - Product Lookup Complete
2025-12-23T07:49:53.869Z - Sending Response
2025-12-23T07:57:59.098Z - --- API Call Started ---
2025-12-23T07:57:59.102Z - DB Connected
2025-12-23T07:57:59.103Z - Raw Param ID: 694a48885bd90e9ea4013939
2025-12-23T07:57:59.104Z - Cleaned ID: 694a48885bd90e9ea4013939
2025-12-23T07:57:59.160Z - Order Found: YES
2025-12-23T07:57:59.160Z - Starting Product Lookup...
2025-12-23T07:57:59.161Z - Looking up Product ID: 6946ff79dad0e43597df1fc0
2025-12-23T07:57:59.210Z - Product Found: YES
2025-12-23T07:57:59.211Z - Product Lookup Complete
2025-12-23T07:57:59.211Z - Sending Response
2025-12-23T07:59:54.101Z - --- API Call Started ---
2025-12-23T07:59:54.105Z - DB Connected
2025-12-23T07:59:54.105Z - Raw Param ID: 694a48885bd90e9ea4013939
2025-12-23T07:59:54.106Z - Cleaned ID: 694a48885bd90e9ea4013939
2025-12-23T07:59:54.157Z - Order Found: YES
2025-12-23T07:59:54.158Z - Starting Product Lookup...
2025-12-23T07:59:54.158Z - Looking up Product ID: 6946ff79dad0e43597df1fc0
2025-12-23T07:59:54.208Z - Product Found: YES
2025-12-23T07:59:54.209Z - Product Lookup Complete
2025-12-23T07:59:54.209Z - Sending Response
2025-12-23T08:03:11.024Z - --- API Call Started ---
2025-12-23T08:03:11.026Z - DB Connected
2025-12-23T08:03:11.026Z - Raw Param ID: 694a3fa3c379bb506d8d9d57
2025-12-23T08:03:11.027Z - Cleaned ID: 694a3fa3c379bb506d8d9d57
2025-12-23T08:03:11.075Z - Order Found: YES
2025-12-23T08:03:11.076Z - Starting Product Lookup...
2025-12-23T08:03:11.076Z - Stripped identifier suffix: 6946f414dad0e43597df1f1a
2025-12-23T08:03:11.076Z - Looking up Product ID: 6946f414dad0e43597df1f1a
2025-12-23T08:03:11.077Z - Looking up Product ID: 6946eda8b434f939072c96b7
2025-12-23T08:03:11.138Z - Product Found: YES
2025-12-23T08:03:11.139Z - Product Found: YES
2025-12-23T08:03:11.139Z - Product Lookup Complete
2025-12-23T08:03:11.140Z - Sending Response
2025-12-23T08:08:34.347Z - --- API Call Started ---
2025-12-23T08:08:34.348Z - DB Connected
2025-12-23T08:08:34.349Z - Raw Param ID: 694a3fa3c379bb506d8d9d57
2025-12-23T08:08:34.349Z - Cleaned ID: 694a3fa3c379bb506d8d9d57
2025-12-23T08:08:34.399Z - Order Found: YES
2025-12-23T08:08:34.399Z - Starting Product Lookup...
2025-12-23T08:08:34.400Z - Stripped identifier suffix: 6946f414dad0e43597df1f1a
2025-12-23T08:08:34.400Z - Looking up Product ID: 6946f414dad0e43597df1f1a
2025-12-23T08:08:34.400Z - Looking up Product ID: 6946eda8b434f939072c96b7
2025-12-23T08:08:34.451Z - Product Found: YES
2025-12-23T08:08:34.473Z - Product Found: YES
2025-12-23T08:08:34.473Z - Product Lookup Complete
2025-12-23T08:08:34.473Z - Sending Response
2025-12-23T08:20:33.984Z - --- API Call Started ---
2025-12-23T08:20:33.989Z - DB Connected
2025-12-23T08:20:33.989Z - Raw Param ID: 694a3fa3c379bb506d8d9d57
2025-12-23T08:20:33.990Z - Cleaned ID: 694a3fa3c379bb506d8d9d57
2025-12-23T08:20:34.063Z - Order Found: YES
2025-12-23T08:20:34.064Z - Starting Product Lookup...
2025-12-23T08:20:34.065Z - Stripped identifier suffix: 6946f414dad0e43597df1f1a
2025-12-23T08:20:34.065Z - Looking up Product ID: 6946f414dad0e43597df1f1a
2025-12-23T08:20:34.066Z - Looking up Product ID: 6946eda8b434f939072c96b7
2025-12-23T08:20:34.140Z - Product Found: YES
2025-12-23T08:20:34.170Z - Product Found: YES
2025-12-23T08:20:34.171Z - Product Lookup Complete
2025-12-23T08:20:34.171Z - Sending Response
2025-12-23T08:22:10.182Z - --- API Call Started ---
2025-12-23T08:22:10.192Z - DB Connected
2025-12-23T08:22:10.195Z - Raw Param ID: 694a3fa3c379bb506d8d9d57
2025-12-23T08:22:10.196Z - Cleaned ID: 694a3fa3c379bb506d8d9d57
2025-12-23T08:22:10.275Z - Order Found: YES
2025-12-23T08:22:10.276Z - Starting Product Lookup...
2025-12-23T08:22:10.276Z - Stripped identifier suffix: 6946f414dad0e43597df1f1a
2025-12-23T08:22:10.277Z - Looking up Product ID: 6946f414dad0e43597df1f1a
2025-12-23T08:22:10.279Z - Looking up Product ID: 6946eda8b434f939072c96b7
2025-12-23T08:22:10.342Z - Product Found: YES
2025-12-23T08:22:10.345Z - Product Found: YES
2025-12-23T08:22:10.347Z - Product Lookup Complete
2025-12-23T08:22:10.349Z - Sending Response
2025-12-23T08:44:26.085Z - --- API Call Started ---
2025-12-23T08:44:27.106Z - DB Connected
2025-12-23T08:44:27.107Z - Raw Param ID: 694a5628bb89cef50c2dbeae
2025-12-23T08:44:27.107Z - Cleaned ID: 694a5628bb89cef50c2dbeae
2025-12-23T08:44:27.466Z - Order Found: YES
2025-12-23T08:44:27.466Z - Starting Product Lookup...
2025-12-23T08:44:27.467Z - Stripped identifier suffix: 6946ff79dad0e43597df1fc0
2025-12-23T08:44:27.467Z - Looking up Product ID: 6946ff79dad0e43597df1fc0
2025-12-23T08:44:27.526Z - Product Found: YES
2025-12-23T08:44:27.527Z - Product Lookup Complete
2025-12-23T08:44:27.528Z - Sending Response
2025-12-23T08:47:18.372Z - --- API Call Started ---
2025-12-23T08:47:18.375Z - DB Connected
2025-12-23T08:47:18.375Z - Raw Param ID: 694a56dfbb89cef50c2dbeca
2025-12-23T08:47:18.376Z - Cleaned ID: 694a56dfbb89cef50c2dbeca
2025-12-23T08:47:18.427Z - Order Found: YES
2025-12-23T08:47:18.427Z - Starting Product Lookup...
2025-12-23T08:47:18.427Z - Looking up Product ID: 6946ff79dad0e43597df1fc0
2025-12-23T08:47:18.479Z - Product Found: YES
2025-12-23T08:47:18.480Z - Product Lookup Complete
2025-12-23T08:47:18.480Z - Sending Response
2025-12-23T08:51:08.156Z - --- API Call Started ---
2025-12-23T08:51:08.158Z - DB Connected
2025-12-23T08:51:08.158Z - Raw Param ID: 694a48885bd90e9ea4013939
2025-12-23T08:51:08.158Z - Cleaned ID: 694a48885bd90e9ea4013939
2025-12-23T08:51:08.219Z - Order Found: YES
2025-12-23T08:51:08.220Z - Starting Product Lookup...
2025-12-23T08:51:08.220Z - Looking up Product ID: 6946ff79dad0e43597df1fc0
2025-12-23T08:51:08.270Z - Product Found: YES
2025-12-23T08:51:08.270Z - Product Lookup Complete
2025-12-23T08:51:08.271Z - Sending Response
2025-12-23T09:08:12.873Z - --- API Call Started ---
2025-12-23T09:08:14.498Z - DB Connected
2025-12-23T09:08:14.500Z - Raw Param ID: 694a5628bb89cef50c2dbeae
2025-12-23T09:08:14.500Z - Cleaned ID: 694a5628bb89cef50c2dbeae
2025-12-23T09:08:14.914Z - Order Found: YES
2025-12-23T09:08:14.914Z - Starting Product Lookup...
2025-12-23T09:08:14.916Z - Stripped identifier suffix: 6946ff79dad0e43597df1fc0
2025-12-23T09:08:14.916Z - Looking up Product ID: 6946ff79dad0e43597df1fc0
2025-12-23T09:08:14.982Z - Product Found: YES
2025-12-23T09:08:14.984Z - Product Lookup Complete
2025-12-23T09:08:14.984Z - Sending Response
2025-12-23T09:09:12.511Z - --- API Call Started ---
2025-12-23T09:09:12.516Z - DB Connected
2025-12-23T09:09:12.517Z - Raw Param ID: 694a48885bd90e9ea4013939
2025-12-23T09:09:12.517Z - Cleaned ID: 694a48885bd90e9ea4013939
2025-12-23T09:09:12.568Z - Order Found: YES
2025-12-23T09:09:12.568Z - Starting Product Lookup...
2025-12-23T09:09:12.568Z - Looking up Product ID: 6946ff79dad0e43597df1fc0
2025-12-23T09:09:12.618Z - Product Found: YES
2025-12-23T09:09:12.619Z - Product Lookup Complete
2025-12-23T09:09:12.619Z - Sending Response
2025-12-23T09:19:35.396Z - --- API Call Started ---
2025-12-23T09:19:35.398Z - DB Connected
2025-12-23T09:19:35.399Z - Raw Param ID: 694a48885bd90e9ea4013939
2025-12-23T09:19:35.399Z - Cleaned ID: 694a48885bd90e9ea4013939
2025-12-23T09:19:35.454Z - Order Found: YES
2025-12-23T09:19:35.455Z - Starting Product Lookup...
2025-12-23T09:19:35.455Z - Looking up Product ID: 6946ff79dad0e43597df1fc0
2025-12-23T09:19:35.509Z - Product Found: YES
2025-12-23T09:19:35.509Z - Product Lookup Complete
2025-12-23T09:19:35.509Z - Sending Response
2025-12-23T09:34:55.982Z - --- API Call Started ---
2025-12-23T09:34:55.984Z - DB Connected
2025-12-23T09:34:55.985Z - Raw Param ID: 694a5628bb89cef50c2dbeae
2025-12-23T09:34:55.985Z - Cleaned ID: 694a5628bb89cef50c2dbeae
2025-12-23T09:34:56.035Z - Order Found: YES
2025-12-23T09:34:56.035Z - Starting Product Lookup...
2025-12-23T09:34:56.035Z - Stripped identifier suffix: 6946ff79dad0e43597df1fc0
2025-12-23T09:34:56.036Z - Looking up Product ID: 6946ff79dad0e43597df1fc0
2025-12-23T09:34:56.087Z - Product Found: YES
2025-12-23T09:34:56.087Z - Product Lookup Complete
2025-12-23T09:34:56.088Z - Sending Response
2025-12-23T09:39:13.129Z - --- API Call Started ---
2025-12-23T09:39:13.131Z - DB Connected
2025-12-23T09:39:13.132Z - Raw Param ID: 694a48885bd90e9ea4013939
2025-12-23T09:39:13.132Z - Cleaned ID: 694a48885bd90e9ea4013939
2025-12-23T09:39:13.185Z - Order Found: YES
2025-12-23T09:39:13.185Z - Starting Product Lookup...
2025-12-23T09:39:13.186Z - Looking up Product ID: 6946ff79dad0e43597df1fc0
2025-12-23T09:39:13.236Z - Product Found: YES
2025-12-23T09:39:13.236Z - Product Lookup Complete
2025-12-23T09:39:13.238Z - Sending Response
2025-12-23T09:39:34.441Z - --- API Call Started ---
2025-12-23T09:39:34.444Z - DB Connected
2025-12-23T09:39:34.444Z - Raw Param ID: 694a5628bb89cef50c2dbeae
2025-12-23T09:39:34.444Z - Cleaned ID: 694a5628bb89cef50c2dbeae
2025-12-23T09:39:34.494Z - Order Found: YES
2025-12-23T09:39:34.494Z - Starting Product Lookup...
2025-12-23T09:39:34.495Z - Stripped identifier suffix: 6946ff79dad0e43597df1fc0
2025-12-23T09:39:34.495Z - Looking up Product ID: 6946ff79dad0e43597df1fc0
2025-12-23T09:39:34.546Z - Product Found: YES
2025-12-23T09:39:34.546Z - Product Lookup Complete
2025-12-23T09:39:34.547Z - Sending Response
2025-12-23T09:39:39.096Z - --- API Call Started ---
2025-12-23T09:39:39.097Z - DB Connected
2025-12-23T09:39:39.098Z - Raw Param ID: 694a3fa3c379bb506d8d9d57
2025-12-23T09:39:39.098Z - Cleaned ID: 694a3fa3c379bb506d8d9d57
2025-12-23T09:39:39.148Z - Order Found: YES
2025-12-23T09:39:39.148Z - Starting Product Lookup...
2025-12-23T09:39:39.148Z - Stripped identifier suffix: 6946f414dad0e43597df1f1a
2025-12-23T09:39:39.149Z - Looking up Product ID: 6946f414dad0e43597df1f1a
2025-12-23T09:39:39.149Z - Looking up Product ID: 6946eda8b434f939072c96b7
2025-12-23T09:39:39.204Z - Product Found: YES
2025-12-23T09:39:39.205Z - Product Found: YES
2025-12-23T09:39:39.205Z - Product Lookup Complete
2025-12-23T09:39:39.205Z - Sending Response
